  Feature.cpp
e:\programming_tools\opencv\opencv\build\include\opencv2\core\mat.hpp(2586): warning C4819: The file contains a character that cannot be represented in the current code page (936). Save the file in Unicode format to prevent data loss
e:\programming_tools\opencv\opencv\build\include\opencv2\core\persistence.hpp : warning C4819: The file contains a character that cannot be represented in the current code page (936). Save the file in Unicode format to prevent data loss
e:\programming_tools\opencv\opencv\build\include\opencv2\core\utility.hpp : warning C4819: The file contains a character that cannot be represented in the current code page (936). Save the file in Unicode format to prevent data loss
e:\programming_tools\opencv\opencv\build\include\opencv2\core\utility.hpp : warning C4819: The file contains a character that cannot be represented in the current code page (936). Save the file in Unicode format to prevent data loss
d:\documents\visual studio 2017\projects\classifier_dynamictimewarping\classifier_dynamictimewarping\feature.cpp(29): warning C4267: 'initializing': conversion from 'size_t' to 'int', possible loss of data
d:\documents\visual studio 2017\projects\classifier_dynamictimewarping\classifier_dynamictimewarping\feature.cpp(139): warning C4267: 'initializing': conversion from 'size_t' to 'int', possible loss of data
  Generating Code...
  Compiling...
  Source.cpp
e:\programming_tools\opencv\opencv\build\include\opencv2\core\mat.hpp(2586): warning C4819: The file contains a character that cannot be represented in the current code page (936). Save the file in Unicode format to prevent data loss
e:\programming_tools\opencv\opencv\build\include\opencv2\core\persistence.hpp : warning C4819: The file contains a character that cannot be represented in the current code page (936). Save the file in Unicode format to prevent data loss
e:\programming_tools\opencv\opencv\build\include\opencv2\core\utility.hpp : warning C4819: The file contains a character that cannot be represented in the current code page (936). Save the file in Unicode format to prevent data loss
e:\programming_tools\opencv\opencv\build\include\opencv2\core\utility.hpp : warning C4819: The file contains a character that cannot be represented in the current code page (936). Save the file in Unicode format to prevent data loss
  Classifier.cpp
e:\programming_tools\opencv\opencv\build\include\opencv2\core\mat.hpp(2586): warning C4819: The file contains a character that cannot be represented in the current code page (936). Save the file in Unicode format to prevent data loss
e:\programming_tools\opencv\opencv\build\include\opencv2\core\persistence.hpp : warning C4819: The file contains a character that cannot be represented in the current code page (936). Save the file in Unicode format to prevent data loss
e:\programming_tools\opencv\opencv\build\include\opencv2\core\utility.hpp : warning C4819: The file contains a character that cannot be represented in the current code page (936). Save the file in Unicode format to prevent data loss
e:\programming_tools\opencv\opencv\build\include\opencv2\core\utility.hpp : warning C4819: The file contains a character that cannot be represented in the current code page (936). Save the file in Unicode format to prevent data loss
d:\documents\visual studio 2017\projects\classifier_dynamictimewarping\classifier_dynamictimewarping\classifier.cpp(78): warning C4267: 'initializing': conversion from 'size_t' to 'int', possible loss of data
d:\documents\visual studio 2017\projects\classifier_dynamictimewarping\classifier_dynamictimewarping\classifier.cpp(79): warning C4267: 'initializing': conversion from 'size_t' to 'int', possible loss of data
d:\documents\visual studio 2017\projects\classifier_dynamictimewarping\classifier_dynamictimewarping\classifier.cpp(140): warning C4267: 'initializing': conversion from 'size_t' to 'int', possible loss of data
d:\documents\visual studio 2017\projects\classifier_dynamictimewarping\classifier_dynamictimewarping\classifier.cpp(141): warning C4267: 'initializing': conversion from 'size_t' to 'int', possible loss of data
  Generating Code...
  Classifier_DynamicTimeWarping.vcxproj -> d:\documents\visual studio 2017\Projects\Classifier_DynamicTimeWarping\x64\Debug\Classifier_DynamicTimeWarping.exe
  Classifier_DynamicTimeWarping.vcxproj -> d:\documents\visual studio 2017\Projects\Classifier_DynamicTimeWarping\x64\Debug\Classifier_DynamicTimeWarping.pdb (Partial PDB)
